<?xml version="1.0" encoding="UTF-8"?>
<!-- Generated by org.testng.reporters.JUnitXMLReporter -->
<testsuite ignored="0" hostname="LAPTOP-AI9CD3N0" failures="2" tests="2" name="Test" time="28.541" errors="0" timestamp="2024-08-09T15:47:43 IST">
  <testcase classname="coverFoxTest.CoverFoxTC2" name="validateBanners" time="4.028">
    <failure type="java.lang.AssertionError" message="null">
      <![CDATA[java.lang.AssertionError: null
at coverFoxTest.CoverFoxTC2.validateBanners(CoverFoxTC2.java:79)
at java.base/java.util.ArrayList.forEach(ArrayList.java:1597)
... Removed 27 stack frames]]>
    </failure>
  </testcase> <!-- validateBanners -->
  <testcase classname="coverFoxTest.CoverFoxTC2" name="validatePresenceOfSortButton" time="4.016">
    <failure type="java.lang.AssertionError" message="null">
      <![CDATA[java.lang.AssertionError: null
at coverFoxTest.CoverFoxTC2.validatePresenceOfSortButton(CoverFoxTC2.java:89)
at java.base/java.util.ArrayList.forEach(ArrayList.java:1597)
... Removed 27 stack frames]]>
    </failure>
  </testcase> <!-- validatePresenceOfSortButton -->
</testsuite> <!-- Test -->
