<?xml version="1.0" encoding="UTF-8"?>
<!-- Generated by org.testng.reporters.JUnitXMLReporter -->
<testsuite ignored="0" hostname="LAPTOP-AI9CD3N0" failures="1" tests="2" name="Test" time="23.942" errors="0" timestamp="2024-08-13T13:59:52 IST">
  <testcase classname="coverFoxTest.CoverFoxTC2" name="validateBanners" time="4.111"/>
  <testcase classname="coverFoxTest.CoverFoxTC2" name="validatePresenceOfSortButton" time="4.049">
    <failure type="java.lang.AssertionError" message="null">
      <![CDATA[java.lang.AssertionError: null
at coverFoxTest.CoverFoxTC2.validatePresenceOfSortButton(CoverFoxTC2.java:108)
at java.base/java.util.ArrayList.forEach(ArrayList.java:1597)
... Removed 31 stack frames]]>
    </failure>
  </testcase> <!-- validatePresenceOfSortButton -->
</testsuite> <!-- Test -->
