<?xml version="1.0" encoding="UTF-8"?>
<testng-results ignored="0" total="2" passed="1" failed="1" skipped="0">
  <reporter-output>
    <line>
      <![CDATA[launching browser]]>
    </line>
    <line>
      <![CDATA[Waiting...]]>
    </line>
    <line>
      <![CDATA[Clicking on gender button]]>
    </line>
    <line>
      <![CDATA[clicking on next button]]>
    </line>
    <line>
      <![CDATA[Handling dropdown]]>
    </line>
    <line>
      <![CDATA[clicking on next button]]>
    </line>
    <line>
      <![CDATA[entering pin code]]>
    </line>
    <line>
      <![CDATA[entering mobile number]]>
    </line>
    <line>
      <![CDATA[clicking on next button]]>
    </line>
    <line>
      <![CDATA[validateBannersTC execution started]]>
    </line>
    <line>
      <![CDATA[getting get plan numbers from banners]]>
    </line>
    <line>
      <![CDATA[getting get plan numbers from String]]>
    </line>
    <line>
      <![CDATA[validatePresenceOfSortButtonTC execution started]]>
    </line>
    <line>
      <![CDATA[TCvalidatePresenceOfSortButtonis Failed]]>
    </line>
    <line>
      <![CDATA[taking screenShot ]]>
    </line>
    <line>
      <![CDATA[Saving file at location C:\Users\lenovo\eclipse-workspace\CoverFoxTest\ScreenShots\validatePresenceOfSortButton20240813135950.png]]>
    </line>
    <line>
      <![CDATA[closing browser]]>
    </line>
  </reporter-output>
  <suite started-at="2024-08-13T13:59:28 IST" name="Suite" finished-at="2024-08-13T13:59:52 IST" duration-ms="23942">
    <groups>
    </groups>
    <test started-at="2024-08-13T13:59:28 IST" name="Test" finished-at="2024-08-13T13:59:52 IST" duration-ms="23942">
      <class name="coverFoxTest.CoverFoxTC2">
        <test-method is-config="true" signature="launchBrowser()[pri:0, instance:coverFoxTest.CoverFoxTC2@459e9125]" started-at="2024-08-13T13:59:28 IST" name="launchBrowser" finished-at="2024-08-13T13:59:32 IST" duration-ms="4474" status="PASS">
          <reporter-output>
            <line>
              <![CDATA[launching browser]]>
            </line>
            <line>
              <![CDATA[Waiting...]]>
            </line>
          </reporter-output>
        </test-method> <!-- launchBrowser -->
        <test-method is-config="true" signature="preConditions()[pri:0, instance:coverFoxTest.CoverFoxTC2@459e9125]" started-at="2024-08-13T13:59:32 IST" name="preConditions" finished-at="2024-08-13T13:59:42 IST" duration-ms="9718" status="PASS">
          <reporter-output>
            <line>
              <![CDATA[Clicking on gender button]]>
            </line>
            <line>
              <![CDATA[clicking on next button]]>
            </line>
            <line>
              <![CDATA[Handling dropdown]]>
            </line>
            <line>
              <![CDATA[clicking on next button]]>
            </line>
            <line>
              <![CDATA[entering pin code]]>
            </line>
            <line>
              <![CDATA[entering mobile number]]>
            </line>
            <line>
              <![CDATA[clicking on next button]]>
            </line>
          </reporter-output>
        </test-method> <!-- preConditions -->
        <test-method signature="validateBanners()[pri:0, instance:coverFoxTest.CoverFoxTC2@459e9125]" started-at="2024-08-13T13:59:42 IST" name="validateBanners" finished-at="2024-08-13T13:59:46 IST" duration-ms="4111" status="PASS">
          <reporter-output>
            <line>
              <![CDATA[validateBannersTC execution started]]>
            </line>
            <line>
              <![CDATA[getting get plan numbers from banners]]>
            </line>
            <line>
              <![CDATA[getting get plan numbers from String]]>
            </line>
          </reporter-output>
        </test-method> <!-- validateBanners -->
        <test-method signature="validatePresenceOfSortButton()[pri:0, instance:coverFoxTest.CoverFoxTC2@459e9125]" started-at="2024-08-13T13:59:46 IST" name="validatePresenceOfSortButton" finished-at="2024-08-13T13:59:50 IST" duration-ms="4049" status="FAIL">
          <exception class="java.lang.AssertionError">
            <message>
              <![CDATA[null]]>
            </message>
            <full-stacktrace>
              <![CDATA[java.lang.AssertionError: null
at org.testng.Assert.fail(Assert.java:111)
at org.testng.Assert.fail(Assert.java:116)
at coverFoxTest.CoverFoxTC2.validatePresenceOfSortButton(CoverFoxTC2.java:108)
at java.base/jdk.internal.reflect.DirectMethodHandleAccessor.invoke(DirectMethodHandleAccessor.java:103)
at java.base/java.lang.reflect.Method.invoke(Method.java:580)
at org.testng.internal.invokers.MethodInvocationHelper.invokeMethod(MethodInvocationHelper.java:141)
at org.testng.internal.invokers.TestInvoker.invokeMethod(TestInvoker.java:686)
at org.testng.internal.invokers.TestInvoker.invokeTestMethod(TestInvoker.java:230)
at org.testng.internal.invokers.MethodRunner.runInSequence(MethodRunner.java:63)
at org.testng.internal.invokers.TestInvoker$MethodInvocationAgent.invoke(TestInvoker.java:992)
at org.testng.internal.invokers.TestInvoker.invokeTestMethods(TestInvoker.java:203)
at org.testng.internal.invokers.TestMethodWorker.invokeTestMethods(TestMethodWorker.java:154)
at org.testng.internal.invokers.TestMethodWorker.run(TestMethodWorker.java:134)
at java.base/java.util.ArrayList.forEach(ArrayList.java:1597)
at org.testng.TestRunner.privateRun(TestRunner.java:739)
at org.testng.TestRunner.run(TestRunner.java:614)
at org.testng.SuiteRunner.runTest(SuiteRunner.java:421)
at org.testng.SuiteRunner.runSequentially(SuiteRunner.java:413)
at org.testng.SuiteRunner.privateRun(SuiteRunner.java:373)
at org.testng.SuiteRunner.run(SuiteRunner.java:312)
at org.testng.SuiteRunnerWorker.runSuite(SuiteRunnerWorker.java:52)
at org.testng.SuiteRunnerWorker.run(SuiteRunnerWorker.java:95)
at org.testng.TestNG.runSuitesSequentially(TestNG.java:1274)
at org.testng.TestNG.runSuitesLocally(TestNG.java:1208)
at org.testng.TestNG.runSuites(TestNG.java:1112)
at org.testng.TestNG.run(TestNG.java:1079)
at org.apache.maven.surefire.testng.TestNGExecutor.run(TestNGExecutor.java:308)
at org.apache.maven.surefire.testng.TestNGXmlTestSuite.execute(TestNGXmlTestSuite.java:71)
at org.apache.maven.surefire.testng.TestNGProvider.invoke(TestNGProvider.java:113)
at org.apache.maven.surefire.booter.ForkedBooter.runSuitesInProcess(ForkedBooter.java:385)
at org.apache.maven.surefire.booter.ForkedBooter.execute(ForkedBooter.java:162)
at org.apache.maven.surefire.booter.ForkedBooter.run(ForkedBooter.java:507)
at org.apache.maven.surefire.booter.ForkedBooter.main(ForkedBooter.java:495)
]]>
            </full-stacktrace>
          </exception> <!-- java.lang.AssertionError -->
          <reporter-output>
            <line>
              <![CDATA[validatePresenceOfSortButtonTC execution started]]>
            </line>
            <line>
              <![CDATA[TCvalidatePresenceOfSortButtonis Failed]]>
            </line>
            <line>
              <![CDATA[taking screenShot ]]>
            </line>
            <line>
              <![CDATA[Saving file at location C:\Users\lenovo\eclipse-workspace\CoverFoxTest\ScreenShots\validatePresenceOfSortButton20240813135950.png]]>
            </line>
          </reporter-output>
        </test-method> <!-- validatePresenceOfSortButton -->
        <test-method is-config="true" signature="closeBrowser()[pri:0, instance:coverFoxTest.CoverFoxTC2@459e9125]" started-at="2024-08-13T13:59:50 IST" name="closeBrowser" finished-at="2024-08-13T13:59:52 IST" duration-ms="1209" status="PASS">
          <reporter-output>
            <line>
              <![CDATA[closing browser]]>
            </line>
          </reporter-output>
        </test-method> <!-- closeBrowser -->
      </class> <!-- coverFoxTest.CoverFoxTC2 -->
    </test> <!-- Test -->
  </suite> <!-- Suite -->
</testng-results>
